build/app/outputs/mapping/release/seeds.txt
com.example.new_test_first_app.MainActivity
com.example.new_test_first_app.MainActivity: MainActivity()
...
androidx.window.layout.WindowInfoTrackerImpl$Companion: WindowInfoTrackerImpl$Companion()
androidx.window.layout.SidecarCompat$registerConfigurationChangeListener$configChangeObserver$1: void onConfigurationChanged(android.content.res.Configuration)
androidx.window.embedding.MatcherUtils: boolean areActivityOrIntentComponentsMatching$window_release(android.app.Activity,android.content.ComponentName)
androidx.window.layout.SidecarAdapter$Companion: void setSidecarDevicePosture(androidx.window.sidecar.SidecarDeviceState,int)
androidx.window.layout.HardwareFoldingFeature$Type$Companion: HardwareFoldingFeature$Type$Companion(kotlin.jvm.internal.DefaultConstructorMarker)
androidx.window.embedding.ExtensionEmbeddingBackend$SplitListenerWrapper: void accept(java.util.List)
androidx.lifecycle.Lifecycle$Event: androidx.lifecycle.Lifecycle$Event[] values()
androidx.window.embedding.SplitPairRule: SplitPairRule(java.util.Set,boolean,boolean,boolean,int,int,float,int,int,kotlin.jvm.internal.DefaultConstructorMarker)
androidx.window.layout.SidecarWindowBackend$Companion: SidecarWindowBackend$Companion(kotlin.jvm.internal.DefaultConstructorMarker)
kotlinx.coroutines.internal.ThreadSafeHeap: void swap(int,int)
kotlin.jvm.internal.CallableReference: kotlin.reflect.KDeclarationContainer getOwner()
androidx.window.embedding.SplitRule: int hashCode()
androidx.window.layout.DisplayCompatHelperApi28: DisplayCompatHelperApi28()
kotlin.coroutines.jvm.internal.SuspendLambda: SuspendLambda(int,kotlin.coroutines.Continuation)
androidx.window.java.layout.WindowInfoTrackerCallbackAdapter: void addListener(java.util.concurrent.Executor,androidx.core.util.Consumer,kotlinx.coroutines.flow.Flow)
xyz.luan.audioplayers.ReleaseMode: xyz.luan.audioplayers.ReleaseMode valueOf(java.lang.String)
androidx.window.layout.WindowMetricsCalculator$Companion$decorator$1: WindowMetricsCalculator$Companion$decorator$1()
kotlin.jvm.internal.FunctionReference: boolean isInline()
io.flutter.plugin.editing.TextInputPlugin$InputTarget$Type: io.flutter.plugin.editing.TextInputPlugin$InputTarget$Type valueOf(java.lang.String)
androidx.window.layout.ExtensionInterfaceCompat: void setExtensionCallback(androidx.window.layout.ExtensionInterfaceCompat$ExtensionCallbackInterface)
kotlin.coroutines.AbstractCoroutineContextElement: kotlin.coroutines.CoroutineContext plus(kotlin.coroutines.CoroutineContext)
androidx.window.layout.WindowInfoTracker$Companion: androidx.window.layout.WindowInfoTracker getOrCreate(android.content.Context)
androidx.window.embedding.SplitPairFilter: int hashCode()
androidx.window.embedding.SplitRuleParser: androidx.window.embedding.SplitPairFilter parseSplitPairFilter(android.content.Context,android.content.res.XmlResourceParser)
io.flutter.embedding.engine.FlutterJNI: void nativeInvokePlatformMessageEmptyResponseCallback(long,int)
io.flutter.plugin.editing.ImeSyncDeferringInsetsCallback: android.view.View$OnApplyWindowInsetsListener getInsetsListener()
androidx.window.embedding.EmbeddingAdapter: java.lang.Object component2(android.util.Pair)
androidx.window.embedding.EmbeddingBackend: void registerSplitListenerForActivity(android.app.Activity,java.util.concurrent.Executor,androidx.core.util.Consumer)
io.flutter.embedding.engine.FlutterJNI: void loadLibrary()
androidx.window.layout.HardwareFoldingFeature: boolean isSeparating()
androidx.window.layout.WindowMetricsCalculator$-CC: void overrideDecorator(androidx.window.layout.WindowMetricsCalculatorDecorator)
kotlin.reflect.KVisibility: kotlin.reflect.KVisibility valueOf(java.lang.String)
androidx.window.layout.DisplayCompatHelperApi17: void getRealSize(android.view.Display,android.graphics.Point)
io.flutter.embedding.engine.FlutterJNI: void onBeginFrame()
io.flutter.plugin.editing.ImeSyncDeferringInsetsCallback: void install()
kotlinx.coroutines.channels.BufferOverflow: kotlinx.coroutines.channels.BufferOverflow valueOf(java.lang.String)