build/app/outputs/mapping/release/mapping.txt
# compiler: R8
# compiler_version: 3.2.47
# min_api: 16
# common_typos_disable
# {"id":"com.android.tools.r8.mapping","version":"2.0"}
# pg_map_id: 6fabf00
# pg_map_hash: SHA-256 6fabf006ccbba1c1899daafe77c199734cd6bdb72b817b2ce8ec1c934a171dc1
...
kotlin.coroutines.intrinsics.IntrinsicsKt__IntrinsicsJvmKt$createCoroutineUnintercepted$$inlined$createCoroutineFromSuspendFunction$IntrinsicsKt__IntrinsicsJvmKt$3 -> d0.c$a:
    kotlin.jvm.functions.Function2 $this_createCoroutineUnintercepted$inlined -> f
    java.lang.Object $receiver$inlined -> g
    kotlin.coroutines.Continuation $completion -> e
    int label -> d
kotlin.coroutines.intrinsics.IntrinsicsKt__IntrinsicsJvmKt$createCoroutineUnintercepted$$inlined$createCoroutineFromSuspendFunction$IntrinsicsKt__IntrinsicsJvmKt$4 -> d0.c$b:
    kotlin.jvm.functions.Function2 $this_createCoroutineUnintercepted$inlined -> g
    java.lang.Object $receiver$inlined -> h
    kotlin.coroutines.Continuation $completion -> e
    kotlin.coroutines.CoroutineContext $context -> f
    int label -> d
kotlin.coroutines.intrinsics.IntrinsicsKt__IntrinsicsKt -> d0.d:
    java.lang.Object getCOROUTINE_SUSPENDED() -> c
kotlin.coroutines.jvm.internal.BaseContinuationImpl -> kotlin.coroutines.jvm.internal.a:
kotlin.coroutines.jvm.internal.Boxing -> kotlin.coroutines.jvm.internal.b:
    java.lang.Boolean boxBoolean(boolean) -> a
kotlin.coroutines.jvm.internal.CompletedContinuation -> kotlin.coroutines.jvm.internal.c:
    kotlin.coroutines.jvm.internal.CompletedContinuation INSTANCE -> d
kotlin.coroutines.jvm.internal.ContinuationImpl -> kotlin.coroutines.jvm.internal.d:
kotlin.coroutines.jvm.internal.CoroutineStackFrame -> kotlin.coroutines.jvm.internal.e:
kotlin.coroutines.jvm.internal.DebugMetadata -> kotlin.coroutines.jvm.internal.f:
kotlin.coroutines.jvm.internal.DebugMetadataKt -> kotlin.coroutines.jvm.internal.g:
    void checkDebugMetadataVersion(int,int) -> a
    kotlin.coroutines.jvm.internal.DebugMetadata getDebugMetadataAnnotation(kotlin.coroutines.jvm.internal.BaseContinuationImpl) -> b
    int getLabel(kotlin.coroutines.jvm.internal.BaseContinuationImpl) -> c
    java.lang.StackTraceElement getStackTraceElement(kotlin.coroutines.jvm.internal.BaseContinuationImpl) -> d
kotlin.coroutines.jvm.internal.DebugProbesKt -> kotlin.coroutines.jvm.internal.h:
    kotlin.coroutines.Continuation probeCoroutineCreated(kotlin.coroutines.Continuation) -> a
    void probeCoroutineResumed(kotlin.coroutines.Continuation) -> b
    void probeCoroutineSuspended(kotlin.coroutines.Continuation) -> c
kotlin.coroutines.jvm.internal.ModuleNameRetriever -> kotlin.coroutines.jvm.internal.i:
    kotlin.coroutines.jvm.internal.ModuleNameRetriever$Cache notOnJava9 -> b
    kotlin.coroutines.jvm.internal.ModuleNameRetriever$Cache cache -> c
    kotlin.coroutines.jvm.internal.ModuleNameRetriever INSTANCE -> a
    kotlin.coroutines.jvm.internal.ModuleNameRetriever$Cache buildCache(kotlin.coroutines.jvm.internal.BaseContinuationImpl) -> a
    java.lang.String getModuleName(kotlin.coroutines.jvm.internal.BaseContinuationImpl) -> b
kotlin.coroutines.jvm.internal.ModuleNameRetriever$Cache -> kotlin.coroutines.jvm.internal.i$a:
    java.lang.reflect.Method nameMethod -> c
    java.lang.reflect.Method getModuleMethod -> a
    java.lang.reflect.Method getDescriptorMethod -> b
kotlin.coroutines.jvm.internal.RestrictedContinuationImpl -> kotlin.coroutines.jvm.internal.j:
kotlin.coroutines.jvm.internal.SuspendLambda -> kotlin.coroutines.jvm.internal.k:
kotlin.internal.PlatformImplementations -> e0.a:
    void addSuppressed(java.lang.Throwable,java.lang.Throwable) -> a
    kotlin.random.Random defaultPlatformRandom() -> b
kotlin.internal.PlatformImplementations$ReflectThrowable -> e0.a$a:
    kotlin.internal.PlatformImplementations$ReflectThrowable INSTANCE -> a
    java.lang.reflect.Method getSuppressed -> c
    java.lang.reflect.Method addSuppressed -> b
kotlin.internal.PlatformImplementationsKt -> e0.b:
    kotlin.internal.PlatformImplementations IMPLEMENTATIONS -> a
    int getJavaVersion() -> a
kotlin.internal.ProgressionUtilKt -> e0.c:
    int differenceModulo(int,int,int) -> a
    int getProgressionLastElement(int,int,int) -> b
    int mod(int,int) -> c